<component name="libraryTable">
  <library name="junit-1.1.5-api">
    <CLASSES>
      <root url="jar://$PROJECT_DIR$/lib/org/junit-1.1.5-api.jar!/" />
    </CLASSES>
    <JAVADOC />
    <SOURCES />
  </library>
</component>